-------------------------------------------------------------
STREAM version $Revision: 5.10 $
-------------------------------------------------------------
This system uses 8 bytes per array element.
-------------------------------------------------------------
Array size = 1000000000 (elements), Offset = 0 (elements)
Memory per array = 7629.4 MiB (= 7.5 GiB).
Total memory required = 22888.2 MiB (= 22.4 GiB).
Each kernel will be executed 100 times.
 The *best* time for each kernel (excluding the first iteration)
 will be used to compute the reported bandwidth.
-------------------------------------------------------------
[1;34m[pthread wrapper] 
[0m[1;34m[pthread wrapper] MAIN -> 0
[0m[1;34m[pthread wrapper] PIN_MASK: [0m[1;34m0->2  [0m[1;34m1->4  [0m[1;34m2->6  [0m[1;34m3->8  [0m[1;34m4->10  [0m[1;34m5->12  [0m[1;34m6->14  [0m[1;34m7->16  [0m[1;34m8->18  [0m[1;34m9->20  [0m[1;34m10->22  [0m[1;34m11->24  [0m[1;34m12->26  [0m[1;34m13->28  [0m[1;34m14->30  [0m[1;34m15->1  [0m[1;34m16->3  [0m[1;34m17->5  [0m[1;34m18->7  [0m[1;34m19->9  [0m[1;34m20->11  [0m[1;34m21->13  [0m[1;34m22->15  [0m[1;34m23->17  [0m[1;34m24->19  [0m[1;34m25->21  [0m[1;34m26->23  [0m[1;34m27->25  [0m[1;34m28->27  [0m[1;34m29->29  [0m[1;34m30->31  [0m[1;34m
[pthread wrapper] SKIP MASK: 0x0
[0m[1;34m	threadid 139931390502656 -> core 2 - OK[0m[1;34m
[0m[1;34m	threadid 139931382109952 -> core 4 - OK[0m[1;34m
[0m[1;34m	threadid 139931373717248 -> core 6 - OK[0m[1;34m
[0m[1;34m	threadid 139931365324544 -> core 8 - OK[0m[1;34m
[0m[1;34m	threadid 139931356931840 -> core 10 - OK[0m[1;34m
[0m[1;34m	threadid 139931348539136 -> core 12 - OK[0m[1;34m
[0m[1;34m	threadid 139931340146432 -> core 14 - OK[0m[1;34m
[0m[1;34m	threadid 139931331753728 -> core 16 - OK[0m[1;34m
[0m[1;34m	threadid 139931323361024 -> core 18 - OK[0m[1;34m
[0m[1;34m	threadid 139931314968320 -> core 20 - OK[0m[1;34m
[0m[1;34m	threadid 139931306575616 -> core 22 - OK[0m[1;34m
[0m[1;34m	threadid 139931298182912 -> core 24 - OK[0m[1;34m
[0m[1;34m	threadid 139931289790208 -> core 26 - OK[0m[1;34m
[0m[1;34m	threadid 139931281397504 -> core 28 - OK[0m[1;34m
[0m[1;34m	threadid 139931273004800 -> core 30 - OK[0m[1;34m
[0m[1;34m	threadid 139931264612096 -> core 1 - OK[0m[1;34m
[0m[1;34m	threadid 139931256219392 -> core 3 - OK[0m[1;34m
[0m[1;34m	threadid 139931247826688 -> core 5 - OK[0m[1;34m
[0m[1;34m	threadid 139931239433984 -> core 7 - OK[0m[1;34m
[0m[1;34m	threadid 139931231041280 -> core 9 - OK[0m[1;34m
[0m[1;34m	threadid 139931222648576 -> core 11 - OK[0m[1;34m
[0m[1;34m	threadid 139931214255872 -> core 13 - OK[0m[1;34m
[0m[1;34m	threadid 139931205863168 -> core 15 - OK[0m[1;34m
[0m[1;34m	threadid 139931197470464 -> core 17 - OK[0m[1;34m
[0m[1;34m	threadid 139931189077760 -> core 19 - OK[0m[1;34m
[0m[1;34m	threadid 139931180685056 -> core 21 - OK[0m[1;34m
[0m[1;34m	threadid 139931172292352 -> core 23 - OK[0m[1;34m
[0m[1;34m	threadid 139931163899648 -> core 25 - OK[0m[1;34m
[0m[1;34m	threadid 139931155506944 -> core 27 - OK[0m[1;34m
[0m[1;34m	threadid 139931147114240 -> core 29 - OK[0m[1;34m
[0m[1;34m	threadid 139931138721536 -> core 31 - OK[0m[1;34m
[0mNumber of Threads requested = 32
Number of Threads counted = 32
-------------------------------------------------------------
Your clock granularity/precision appears to be 1 microseconds.
Each test below will take on the order of 117834 microseconds.
   (= 117834 clock ticks)
Increase the size of the arrays if this shows that
you are not getting at least 20 clock ticks per test.
-------------------------------------------------------------
WARNING -- The above is only a rough guideline.
For best results, please be sure you know the
precision of your system timer.
-------------------------------------------------------------
Function    Best Rate MB/s  Avg time     Min time     Max time
Copy:          154089.1     0.104623     0.103836     0.107900
Scale:         110509.5     0.147299     0.144784     0.152155
Add:           125864.7     0.192073     0.190681     0.195408
Triad:         125862.6     0.192393     0.190684     0.194761
-------------------------------------------------------------
aj = 8131223550704304958367105871878761624364116078561909158700639572545038921278316661384753877204194106215605780518797312.000000, bj = 1626244710140860935679802619930647060936766201501274878698990483642769411755935808182153995936815186721183824313581568.000000, cj = 2168326280187814580906403493240862747915688268668366504931987311523692549007914410909538661249086915628245099084775424.000000
Solution Validates: avg error less than 1.000000e-13 on all three arrays
-------------------------------------------------------------
