-------------------------------------------------------------
STREAM version $Revision: 5.10 $
-------------------------------------------------------------
This system uses 8 bytes per array element.
-------------------------------------------------------------
Array size = 1000000000 (elements), Offset = 0 (elements)
Memory per array = 7629.4 MiB (= 7.5 GiB).
Total memory required = 22888.2 MiB (= 22.4 GiB).
Each kernel will be executed 100 times.
 The *best* time for each kernel (excluding the first iteration)
 will be used to compute the reported bandwidth.
-------------------------------------------------------------
[1;34m[pthread wrapper] 
[0m[1;34m[pthread wrapper] MAIN -> 0
[0m[1;34m[pthread wrapper] PIN_MASK: [0m[1;34m0->2  [0m[1;34m1->4  [0m[1;34m2->6  [0m[1;34m3->8  [0m[1;34m4->10  [0m[1;34m5->12  [0m[1;34m6->14  [0m[1;34m7->16  [0m[1;34m8->18  [0m[1;34m9->20  [0m[1;34m10->22  [0m[1;34m11->24  [0m[1;34m12->26  [0m[1;34m13->28  [0m[1;34m14->30  [0m[1;34m
[pthread wrapper] SKIP MASK: 0x0
[0m[1;34m	threadid 140440831301376 -> core 2 - OK[0m[1;34m
[0m[1;34m	threadid 140440822908672 -> core 4 - OK[0m[1;34m
[0m[1;34m	threadid 140440814515968 -> core 6 - OK[0m[1;34m
[0m[1;34m	threadid 140440806123264 -> core 8 - OK[0m[1;34m
[0m[1;34m	threadid 140440797730560 -> core 10 - OK[0m[1;34m
[0m[1;34m	threadid 140440789337856 -> core 12 - OK[0m[1;34m
[0m[1;34m	threadid 140440780945152 -> core 14 - OK[0m[1;34m
[0m[1;34m	threadid 140440772552448 -> core 16 - OK[0m[1;34m
[0m[1;34m	threadid 140440764159744 -> core 18 - OK[0m[1;34m
[0m[1;34m	threadid 140440755767040 -> core 20 - OK[0m[1;34m
[0m[1;34m	threadid 140440747374336 -> core 22 - OK[0m[1;34m
[0m[1;34m	threadid 140440738981632 -> core 24 - OK[0m[1;34m
[0m[1;34m	threadid 140440730588928 -> core 26 - OK[0m[1;34m
[0m[1;34m	threadid 140440722196224 -> core 28 - OK[0m[1;34m
[0m[1;34m	threadid 140440713803520 -> core 30 - OK[0m[1;34m
[0mNumber of Threads requested = 16
Number of Threads counted = 16
-------------------------------------------------------------
Your clock granularity/precision appears to be 1 microseconds.
Each test below will take on the order of 233304 microseconds.
   (= 233304 clock ticks)
Increase the size of the arrays if this shows that
you are not getting at least 20 clock ticks per test.
-------------------------------------------------------------
WARNING -- The above is only a rough guideline.
For best results, please be sure you know the
precision of your system timer.
-------------------------------------------------------------
Function    Best Rate MB/s  Avg time     Min time     Max time
Copy:           76954.2     0.208986     0.207916     0.210027
Scale:          55080.0     0.294542     0.290487     0.300595
Add:            62723.0     0.384288     0.382635     0.387410
Triad:          63042.7     0.383061     0.380694     0.388863
-------------------------------------------------------------
aj = 8131223550704304958367105871878761624364116078561909158700639572545038921278316661384753877204194106215605780518797312.000000, bj = 1626244710140860935679802619930647060936766201501274878698990483642769411755935808182153995936815186721183824313581568.000000, cj = 2168326280187814580906403493240862747915688268668366504931987311523692549007914410909538661249086915628245099084775424.000000
Solution Validates: avg error less than 1.000000e-13 on all three arrays
-------------------------------------------------------------
