[1;34m[pthread wrapper] 
[0m[1;34m[pthread wrapper] MAIN -> 0
[0m[1;34m[pthread wrapper] PIN_MASK: [0m[1;34m0->2  [0m[1;34m1->4  [0m[1;34m2->6  [0m[1;34m3->8  [0m[1;34m4->10  [0m[1;34m5->12  [0m[1;34m6->14  [0m[1;34m7->16  [0m[1;34m8->18  [0m[1;34m9->20  [0m[1;34m10->22  [0m[1;34m11->24  [0m[1;34m12->26  [0m[1;34m13->28  [0m[1;34m14->30  [0m[1;34m
[pthread wrapper] SKIP MASK: 0x0
[0m[1;34m	threadid 140217701017344 -> core 2 - OK[0m[1;34m
[0m[1;34m	threadid 140217468069632 -> core 4 - OK[0m[1;34m
[0m[1;34m	threadid 140217450641152 -> core 6 - OK[0m[1;34m
[0m[1;34m	threadid 140217433212672 -> core 8 - OK[0m[1;34m
[0m[1;34m	threadid 140217415784192 -> core 10 - OK[0m[1;34m
[0m[1;34m	threadid 140217193330432 -> core 12 - OK[0m[1;34m
[0m[1;34m	threadid 140217176545024 -> core 14 - OK[0m[1;34m
[0m[1;34m	threadid 140217159759616 -> core 16 - OK[0m[1;34m
[0m[1;34m	threadid 140217142974208 -> core 18 - OK[0m[1;34m
[0m[1;34m	threadid 140216849393408 -> core 20 - OK[0m[1;34m
[0m[1;34m	threadid 140216832608000 -> core 22 - OK[0m[1;34m
[0m[1;34m	threadid 140216815822592 -> core 24 - OK[0m[1;34m
[0m[1;34m	threadid 140216522241792 -> core 26 - OK[0m[1;34m
[0m[1;34m	threadid 140216505456384 -> core 28 - OK[0m[1;34m
[0m[1;34m	threadid 140216488670976 -> core 30 - OK[0m[1;34m
[0m[1;34mRoundrobin placement triggered
	threadid 140216471885568 -> core 0 - OK[0m[1;34m
[0mSTREAM.jl
----------------------------------------------
Array size = 1000000000 (elements) Offset = 0 (elements)
Memory per array = 7629.395 MiB (= 7.451 GiB)
Total memory = 22888.184 MiB
Each kernel will be executed 100 times
 The *best* time for each kernel (excluding the first run)
 will be used to compute the reported bandwidth.
----------------------------------------------
Using 16 threads
Your clock granularity/precision appears to be 1059.000ns
Each test below will take on the order of 223673.257 microseconds
    (= 211.000 clock ticks)
Increase the size of the arrays if this shows that
 you are not getting at least 20,000 clock ticks per test.
----------------------------------------------
Function   Best Rate MB/s  Avg time    Min time    Max time
Copy:	     58721.0     0.274344     0.272475     0.276270
Scale:	     58857.9     0.273898     0.271841     0.275661
Add:	     65666.5     0.375921     0.365483     0.385090
Triad:	     66196.3     0.364231     0.362558     0.366850
aj = 8131223550704304958367105871878761624364116078561909158700639572545038921278316661384753877204194106215605780518797312.000000, bj = 1626244710140860935679802619930647060936766201501274878698990483642769411755935808182153995936815186721183824313581568.000000, cj = 2168326280187814580906403493240862747915688268668366504931987311523692549007914410909538661249086915628245099084775424.000000
Solution Validates: avg error less than 1.000000e-13 on all three arrays
